2017-12-17 15:56:39 - PHP Warning:  ini_set() has been disabled for security reasons in /home/pakhshpl/public_html/system_vendor/library/session.php on line 7
2017-12-17 15:56:39 - PHP Warning:  ini_set() has been disabled for security reasons in /home/pakhshpl/public_html/system_vendor/library/session.php on line 8
2017-12-17 15:56:39 - PHP Warning:  ini_set() has been disabled for security reasons in /home/pakhshpl/public_html/system_vendor/library/session.php on line 9
2017-12-17 15:56:39 - PHP Warning:  ini_set() has been disabled for security reasons in /home/pakhshpl/public_html/system_vendor/library/session.php on line 10
2017-12-17 15:56:39 - PHP Warning:  session_start(): Cannot send session cookie - headers already sent by (output started at /home/pakhshpl/public_html/vendor/index.php:74) in /home/pakhshpl/public_html/system_vendor/library/session.php on line 21
2017-12-17 15:56:39 - PHP Warning:  session_start(): Cannot send session cache limiter - headers already sent (output started at /home/pakhshpl/public_html/vendor/index.php:74) in /home/pakhshpl/public_html/system_vendor/library/session.php on line 21
2017-12-17 15:56:53 - PHP Warning:  ini_set() has been disabled for security reasons in /home/pakhshpl/public_html/system_vendor/library/session.php on line 7
2017-12-17 15:56:53 - PHP Warning:  ini_set() has been disabled for security reasons in /home/pakhshpl/public_html/system_vendor/library/session.php on line 8
2017-12-17 15:56:53 - PHP Warning:  ini_set() has been disabled for security reasons in /home/pakhshpl/public_html/system_vendor/library/session.php on line 9
2017-12-17 15:56:53 - PHP Warning:  ini_set() has been disabled for security reasons in /home/pakhshpl/public_html/system_vendor/library/session.php on line 10
2017-12-17 15:56:53 - PHP Warning:  session_start(): Cannot send session cookie - headers already sent by (output started at /home/pakhshpl/public_html/vendor/index.php:74) in /home/pakhshpl/public_html/system_vendor/library/session.php on line 21
2017-12-17 15:56:53 - PHP Warning:  session_start(): Cannot send session cache limiter - headers already sent (output started at /home/pakhshpl/public_html/vendor/index.php:74) in /home/pakhshpl/public_html/system_vendor/library/session.php on line 21
2017-12-17 15:56:53 - PHP Warning:  Cannot modify header information - headers already sent by (output started at /home/pakhshpl/public_html/vendor/index.php:74) in /home/pakhshpl/public_html/system_vendor/library/response.php on line 12
2017-12-17 16:10:29 - PHP Warning:  ini_set() has been disabled for security reasons in /home/pakhshpl/public_html/system_vendor/library/session.php on line 7
2017-12-17 16:10:29 - PHP Warning:  ini_set() has been disabled for security reasons in /home/pakhshpl/public_html/system_vendor/library/session.php on line 8
2017-12-17 16:10:29 - PHP Warning:  ini_set() has been disabled for security reasons in /home/pakhshpl/public_html/system_vendor/library/session.php on line 9
2017-12-17 16:10:29 - PHP Warning:  ini_set() has been disabled for security reasons in /home/pakhshpl/public_html/system_vendor/library/session.php on line 10
2017-12-17 16:10:29 - PHP Warning:  session_start(): Cannot send session cookie - headers already sent by (output started at /home/pakhshpl/public_html/vendor/index.php:74) in /home/pakhshpl/public_html/system_vendor/library/session.php on line 21
2017-12-17 16:10:29 - PHP Warning:  session_start(): Cannot send session cache limiter - headers already sent (output started at /home/pakhshpl/public_html/vendor/index.php:74) in /home/pakhshpl/public_html/system_vendor/library/session.php on line 21
2017-12-17 16:10:29 - PHP Warning:  Cannot modify header information - headers already sent by (output started at /home/pakhshpl/public_html/vendor/index.php:74) in /home/pakhshpl/public_html/system_vendor/library/response.php on line 12
2017-12-17 16:38:35 - PHP Warning:  ini_set() has been disabled for security reasons in /home/pakhshpl/public_html/system_vendor/library/session.php on line 7
2017-12-17 16:38:35 - PHP Warning:  ini_set() has been disabled for security reasons in /home/pakhshpl/public_html/system_vendor/library/session.php on line 8
2017-12-17 16:38:35 - PHP Warning:  ini_set() has been disabled for security reasons in /home/pakhshpl/public_html/system_vendor/library/session.php on line 9
2017-12-17 16:38:35 - PHP Warning:  ini_set() has been disabled for security reasons in /home/pakhshpl/public_html/system_vendor/library/session.php on line 10
2017-12-17 16:38:35 - PHP Warning:  session_start(): Cannot send session cookie - headers already sent by (output started at /home/pakhshpl/public_html/vendor/index.php:74) in /home/pakhshpl/public_html/system_vendor/library/session.php on line 21
2017-12-17 16:38:35 - PHP Warning:  session_start(): Cannot send session cache limiter - headers already sent (output started at /home/pakhshpl/public_html/vendor/index.php:74) in /home/pakhshpl/public_html/system_vendor/library/session.php on line 21
2017-12-19 17:17:50 - PHP Notice:  Error: Could not load template /home/pakhshpl/public_html/vendor/view/template/dashboard/map.tpl! in /home/pakhshpl/public_html/system_vendor/engine/loader.php on line 86
2017-12-29 8:27:21 - PHP Notice:  Undefined index: total in /home/pakhshpl/public_html/vendor/view/template/dashboard/recent.tpl on line 25
2017-12-29 8:27:21 - PHP Notice:  Undefined index: total in /home/pakhshpl/public_html/vendor/view/template/dashboard/recent.tpl on line 25
2017-12-29 8:27:21 - PHP Notice:  Undefined index: total in /home/pakhshpl/public_html/vendor/view/template/dashboard/recent.tpl on line 25
2017-12-29 8:27:21 - PHP Notice:  Undefined index: total in /home/pakhshpl/public_html/vendor/view/template/dashboard/recent.tpl on line 25
2017-12-29 8:27:21 - PHP Notice:  Undefined index: total in /home/pakhshpl/public_html/vendor/view/template/dashboard/recent.tpl on line 25
2017-12-29 8:27:39 - PHP Warning:  Missing argument 4 for ModelSaleOrder::getOrderHistories(), called in /home/pakhshpl/public_html/vendor/controller/sale/order.php on line 1001 and defined in /home/pakhshpl/public_html/vendor/model/sale/order.php on line 416
2017-12-29 8:27:39 - PHP Notice:  Undefined variable: vendor_id in /home/pakhshpl/public_html/vendor/model/sale/order.php on line 425
2017-12-29 8:28:09 - PHP Warning:  Missing argument 4 for ModelSaleOrder::getOrderHistories(), called in /home/pakhshpl/public_html/vendor/controller/sale/order.php on line 1001 and defined in /home/pakhshpl/public_html/vendor/model/sale/order.php on line 416
2017-12-29 8:28:09 - PHP Notice:  Undefined variable: vendor_id in /home/pakhshpl/public_html/vendor/model/sale/order.php on line 425
2017-12-29 8:29:37 - PHP Warning:  Missing argument 4 for ModelSaleOrder::getOrderHistories(), called in /home/pakhshpl/public_html/vendor/controller/sale/order.php on line 1001 and defined in /home/pakhshpl/public_html/vendor/model/sale/order.php on line 416
2017-12-29 8:29:37 - PHP Notice:  Undefined variable: vendor_id in /home/pakhshpl/public_html/vendor/model/sale/order.php on line 425
2017-12-29 8:29:41 - PHP Warning:  Missing argument 4 for ModelSaleOrder::getOrderHistories(), called in /home/pakhshpl/public_html/vendor/controller/sale/order.php on line 1001 and defined in /home/pakhshpl/public_html/vendor/model/sale/order.php on line 416
2017-12-29 8:29:41 - PHP Notice:  Undefined variable: vendor_id in /home/pakhshpl/public_html/vendor/model/sale/order.php on line 425
2017-12-29 8:30:32 - PHP Notice:  Undefined variable: newTotal in /home/pakhshpl/public_html/vendor/view/template/sale/order_info.tpl on line 96
2017-12-29 10:09:09 - PHP Notice:  Undefined index: total in /home/pakhshpl/public_html/vendor/view/template/dashboard/recent.tpl on line 25
2017-12-29 10:09:09 - PHP Notice:  Undefined index: total in /home/pakhshpl/public_html/vendor/view/template/dashboard/recent.tpl on line 25
2017-12-29 10:09:09 - PHP Notice:  Undefined index: total in /home/pakhshpl/public_html/vendor/view/template/dashboard/recent.tpl on line 25
2017-12-29 10:09:09 - PHP Notice:  Undefined index: total in /home/pakhshpl/public_html/vendor/view/template/dashboard/recent.tpl on line 25
2017-12-29 10:09:09 - PHP Notice:  Undefined index: total in /home/pakhshpl/public_html/vendor/view/template/dashboard/recent.tpl on line 25
2017-12-29 10:44:40 - PHP Notice:  Undefined index: total in /home/pakhshpl/public_html/vendor/view/template/dashboard/recent.tpl on line 25
2017-12-29 10:44:40 - PHP Notice:  Undefined index: total in /home/pakhshpl/public_html/vendor/view/template/dashboard/recent.tpl on line 25
2017-12-29 10:44:40 - PHP Notice:  Undefined index: total in /home/pakhshpl/public_html/vendor/view/template/dashboard/recent.tpl on line 25
2017-12-29 10:44:40 - PHP Notice:  Undefined index: total in /home/pakhshpl/public_html/vendor/view/template/dashboard/recent.tpl on line 25
2017-12-29 10:44:40 - PHP Notice:  Undefined index: total in /home/pakhshpl/public_html/vendor/view/template/dashboard/recent.tpl on line 25
2017-12-29 10:53:04 - PHP Notice:  Undefined index: total in /home/pakhshpl/public_html/vendor/view/template/dashboard/recent.tpl on line 25
2017-12-29 10:53:04 - PHP Notice:  Undefined index: total in /home/pakhshpl/public_html/vendor/view/template/dashboard/recent.tpl on line 25
2017-12-29 10:53:04 - PHP Notice:  Undefined index: total in /home/pakhshpl/public_html/vendor/view/template/dashboard/recent.tpl on line 25
2017-12-29 10:53:04 - PHP Notice:  Undefined index: total in /home/pakhshpl/public_html/vendor/view/template/dashboard/recent.tpl on line 25
2017-12-29 10:53:04 - PHP Notice:  Undefined index: total in /home/pakhshpl/public_html/vendor/view/template/dashboard/recent.tpl on line 25
2017-12-29 10:53:32 - PHP Notice:  Undefined variable: newTotal in /home/pakhshpl/public_html/vendor/view/template/sale/order_info.tpl on line 96
2017-12-29 10:54:26 - PHP Notice:  Undefined index: total in /home/pakhshpl/public_html/vendor/view/template/dashboard/recent.tpl on line 25
2017-12-29 10:54:26 - PHP Notice:  Undefined index: total in /home/pakhshpl/public_html/vendor/view/template/dashboard/recent.tpl on line 25
2017-12-29 10:54:26 - PHP Notice:  Undefined index: total in /home/pakhshpl/public_html/vendor/view/template/dashboard/recent.tpl on line 25
2017-12-29 10:54:26 - PHP Notice:  Undefined index: total in /home/pakhshpl/public_html/vendor/view/template/dashboard/recent.tpl on line 25
2017-12-29 10:54:26 - PHP Notice:  Undefined index: total in /home/pakhshpl/public_html/vendor/view/template/dashboard/recent.tpl on line 25
2017-12-29 12:19:48 - PHP Notice:  Undefined index: total in /home/pakhshpl/public_html/vendor/view/template/dashboard/recent.tpl on line 25
2017-12-29 12:19:48 - PHP Notice:  Undefined index: total in /home/pakhshpl/public_html/vendor/view/template/dashboard/recent.tpl on line 25
2017-12-29 12:19:48 - PHP Notice:  Undefined index: total in /home/pakhshpl/public_html/vendor/view/template/dashboard/recent.tpl on line 25
2017-12-29 12:19:48 - PHP Notice:  Undefined index: total in /home/pakhshpl/public_html/vendor/view/template/dashboard/recent.tpl on line 25
2017-12-29 12:19:48 - PHP Notice:  Undefined index: total in /home/pakhshpl/public_html/vendor/view/template/dashboard/recent.tpl on line 25
2017-12-29 12:21:45 - PHP Notice:  Undefined variable: newTotal in /home/pakhshpl/public_html/vendor/view/template/sale/order_info.tpl on line 96
2017-12-29 12:22:08 - PHP Notice:  Undefined index: total in /home/pakhshpl/public_html/vendor/view/template/dashboard/recent.tpl on line 25
2017-12-29 12:22:08 - PHP Notice:  Undefined index: total in /home/pakhshpl/public_html/vendor/view/template/dashboard/recent.tpl on line 25
2017-12-29 12:22:08 - PHP Notice:  Undefined index: total in /home/pakhshpl/public_html/vendor/view/template/dashboard/recent.tpl on line 25
2017-12-29 12:22:08 - PHP Notice:  Undefined index: total in /home/pakhshpl/public_html/vendor/view/template/dashboard/recent.tpl on line 25
2017-12-29 12:22:08 - PHP Notice:  Undefined index: total in /home/pakhshpl/public_html/vendor/view/template/dashboard/recent.tpl on line 25
2017-12-29 12:22:21 - PHP Notice:  Undefined variable: newTotal in /home/pakhshpl/public_html/vendor/view/template/sale/order_info.tpl on line 96
2017-12-29 12:31:50 - PHP Notice:  Undefined index: total in /home/pakhshpl/public_html/vendor/view/template/dashboard/recent.tpl on line 25
2017-12-29 12:31:50 - PHP Notice:  Undefined index: total in /home/pakhshpl/public_html/vendor/view/template/dashboard/recent.tpl on line 25
2017-12-29 12:31:50 - PHP Notice:  Undefined index: total in /home/pakhshpl/public_html/vendor/view/template/dashboard/recent.tpl on line 25
2017-12-29 12:31:50 - PHP Notice:  Undefined index: total in /home/pakhshpl/public_html/vendor/view/template/dashboard/recent.tpl on line 25
2017-12-29 12:31:50 - PHP Notice:  Undefined index: total in /home/pakhshpl/public_html/vendor/view/template/dashboard/recent.tpl on line 25
2017-12-29 12:42:40 - PHP Notice:  Undefined index: total in /home/pakhshpl/public_html/vendor/view/template/dashboard/recent.tpl on line 25
2017-12-29 12:42:40 - PHP Notice:  Undefined index: total in /home/pakhshpl/public_html/vendor/view/template/dashboard/recent.tpl on line 25
2017-12-29 12:42:40 - PHP Notice:  Undefined index: total in /home/pakhshpl/public_html/vendor/view/template/dashboard/recent.tpl on line 25
2017-12-29 12:42:40 - PHP Notice:  Undefined index: total in /home/pakhshpl/public_html/vendor/view/template/dashboard/recent.tpl on line 25
2017-12-29 12:42:40 - PHP Notice:  Undefined index: total in /home/pakhshpl/public_html/vendor/view/template/dashboard/recent.tpl on line 25
2017-12-29 12:42:43 - PHP Notice:  Undefined index: total in /home/pakhshpl/public_html/vendor/view/template/dashboard/recent.tpl on line 25
2017-12-29 12:42:43 - PHP Notice:  Undefined index: total in /home/pakhshpl/public_html/vendor/view/template/dashboard/recent.tpl on line 25
2017-12-29 12:42:43 - PHP Notice:  Undefined index: total in /home/pakhshpl/public_html/vendor/view/template/dashboard/recent.tpl on line 25
2017-12-29 12:42:43 - PHP Notice:  Undefined index: total in /home/pakhshpl/public_html/vendor/view/template/dashboard/recent.tpl on line 25
2017-12-29 12:42:43 - PHP Notice:  Undefined index: total in /home/pakhshpl/public_html/vendor/view/template/dashboard/recent.tpl on line 25
2017-12-29 15:06:40 - PHP Notice:  Undefined index: total in /home/pakhshpl/public_html/vendor/view/template/dashboard/recent.tpl on line 25
2017-12-29 15:06:40 - PHP Notice:  Undefined index: total in /home/pakhshpl/public_html/vendor/view/template/dashboard/recent.tpl on line 25
2017-12-29 15:06:40 - PHP Notice:  Undefined index: total in /home/pakhshpl/public_html/vendor/view/template/dashboard/recent.tpl on line 25
2017-12-29 15:06:40 - PHP Notice:  Undefined index: total in /home/pakhshpl/public_html/vendor/view/template/dashboard/recent.tpl on line 25
2017-12-29 15:06:40 - PHP Notice:  Undefined index: total in /home/pakhshpl/public_html/vendor/view/template/dashboard/recent.tpl on line 25
2017-12-29 15:08:37 - PHP Notice:  Undefined index: total in /home/pakhshpl/public_html/vendor/view/template/dashboard/recent.tpl on line 25
2017-12-29 15:08:37 - PHP Notice:  Undefined index: total in /home/pakhshpl/public_html/vendor/view/template/dashboard/recent.tpl on line 25
2017-12-29 15:08:37 - PHP Notice:  Undefined index: total in /home/pakhshpl/public_html/vendor/view/template/dashboard/recent.tpl on line 25
2017-12-29 15:08:37 - PHP Notice:  Undefined index: total in /home/pakhshpl/public_html/vendor/view/template/dashboard/recent.tpl on line 25
2017-12-29 15:08:37 - PHP Notice:  Undefined index: total in /home/pakhshpl/public_html/vendor/view/template/dashboard/recent.tpl on line 25
2017-12-29 15:08:40 - PHP Notice:  Undefined index: total in /home/pakhshpl/public_html/vendor/view/template/dashboard/recent.tpl on line 25
2017-12-29 15:08:40 - PHP Notice:  Undefined index: total in /home/pakhshpl/public_html/vendor/view/template/dashboard/recent.tpl on line 25
2017-12-29 15:08:40 - PHP Notice:  Undefined index: total in /home/pakhshpl/public_html/vendor/view/template/dashboard/recent.tpl on line 25
2017-12-29 15:08:40 - PHP Notice:  Undefined index: total in /home/pakhshpl/public_html/vendor/view/template/dashboard/recent.tpl on line 25
2017-12-29 15:08:40 - PHP Notice:  Undefined index: total in /home/pakhshpl/public_html/vendor/view/template/dashboard/recent.tpl on line 25
2017-12-29 15:15:28 - PHP Notice:  Undefined index: total in /home/pakhshpl/public_html/vendor/view/template/dashboard/recent.tpl on line 25
2017-12-29 15:15:28 - PHP Notice:  Undefined index: total in /home/pakhshpl/public_html/vendor/view/template/dashboard/recent.tpl on line 25
2017-12-29 15:15:28 - PHP Notice:  Undefined index: total in /home/pakhshpl/public_html/vendor/view/template/dashboard/recent.tpl on line 25
2017-12-29 15:15:28 - PHP Notice:  Undefined index: total in /home/pakhshpl/public_html/vendor/view/template/dashboard/recent.tpl on line 25
2017-12-29 15:15:28 - PHP Notice:  Undefined index: total in /home/pakhshpl/public_html/vendor/view/template/dashboard/recent.tpl on line 25
2017-12-29 15:20:38 - PHP Notice:  Undefined index: total in /home/pakhshpl/public_html/vendor/view/template/dashboard/recent.tpl on line 25
2017-12-29 15:20:38 - PHP Notice:  Undefined index: total in /home/pakhshpl/public_html/vendor/view/template/dashboard/recent.tpl on line 25
2017-12-29 15:20:38 - PHP Notice:  Undefined index: total in /home/pakhshpl/public_html/vendor/view/template/dashboard/recent.tpl on line 25
2017-12-29 15:20:38 - PHP Notice:  Undefined index: total in /home/pakhshpl/public_html/vendor/view/template/dashboard/recent.tpl on line 25
2017-12-29 15:20:38 - PHP Notice:  Undefined index: total in /home/pakhshpl/public_html/vendor/view/template/dashboard/recent.tpl on line 25
2017-12-29 15:29:07 - PHP Notice:  Undefined index: total in /home/pakhshpl/public_html/vendor/view/template/dashboard/recent.tpl on line 25
2017-12-29 15:29:07 - PHP Notice:  Undefined index: total in /home/pakhshpl/public_html/vendor/view/template/dashboard/recent.tpl on line 25
2017-12-29 15:29:07 - PHP Notice:  Undefined index: total in /home/pakhshpl/public_html/vendor/view/template/dashboard/recent.tpl on line 25
2017-12-29 15:29:07 - PHP Notice:  Undefined index: total in /home/pakhshpl/public_html/vendor/view/template/dashboard/recent.tpl on line 25
2017-12-29 15:29:07 - PHP Notice:  Undefined index: total in /home/pakhshpl/public_html/vendor/view/template/dashboard/recent.tpl on line 25
2017-12-29 15:30:27 - PHP Notice:  Undefined index: total in /home/pakhshpl/public_html/vendor/view/template/dashboard/recent.tpl on line 25
2017-12-29 15:30:27 - PHP Notice:  Undefined index: total in /home/pakhshpl/public_html/vendor/view/template/dashboard/recent.tpl on line 25
2017-12-29 15:30:27 - PHP Notice:  Undefined index: total in /home/pakhshpl/public_html/vendor/view/template/dashboard/recent.tpl on line 25
2017-12-29 15:30:27 - PHP Notice:  Undefined index: total in /home/pakhshpl/public_html/vendor/view/template/dashboard/recent.tpl on line 25
2017-12-29 15:30:27 - PHP Notice:  Undefined index: total in /home/pakhshpl/public_html/vendor/view/template/dashboard/recent.tpl on line 25
2017-12-29 17:25:39 - PHP Notice:  Undefined index: total in /home/pakhshpl/public_html/vendor/view/template/dashboard/recent.tpl on line 25
2017-12-29 17:25:39 - PHP Notice:  Undefined index: total in /home/pakhshpl/public_html/vendor/view/template/dashboard/recent.tpl on line 25
2017-12-29 17:25:39 - PHP Notice:  Undefined index: total in /home/pakhshpl/public_html/vendor/view/template/dashboard/recent.tpl on line 25
2017-12-29 17:25:39 - PHP Notice:  Undefined index: total in /home/pakhshpl/public_html/vendor/view/template/dashboard/recent.tpl on line 25
2017-12-29 17:25:39 - PHP Notice:  Undefined index: total in /home/pakhshpl/public_html/vendor/view/template/dashboard/recent.tpl on line 25
2017-12-29 17:25:58 - PHP Notice:  Undefined index: total in /home/pakhshpl/public_html/vendor/view/template/dashboard/recent.tpl on line 25
2017-12-29 17:25:58 - PHP Notice:  Undefined index: total in /home/pakhshpl/public_html/vendor/view/template/dashboard/recent.tpl on line 25
2017-12-29 17:25:58 - PHP Notice:  Undefined index: total in /home/pakhshpl/public_html/vendor/view/template/dashboard/recent.tpl on line 25
2017-12-29 17:25:58 - PHP Notice:  Undefined index: total in /home/pakhshpl/public_html/vendor/view/template/dashboard/recent.tpl on line 25
2017-12-29 17:25:58 - PHP Notice:  Undefined index: total in /home/pakhshpl/public_html/vendor/view/template/dashboard/recent.tpl on line 25
2017-12-29 17:27:08 - PHP Notice:  Undefined index: total in /home/pakhshpl/public_html/vendor/view/template/dashboard/recent.tpl on line 25
2017-12-29 17:27:08 - PHP Notice:  Undefined index: total in /home/pakhshpl/public_html/vendor/view/template/dashboard/recent.tpl on line 25
2017-12-29 17:27:08 - PHP Notice:  Undefined index: total in /home/pakhshpl/public_html/vendor/view/template/dashboard/recent.tpl on line 25
2017-12-29 17:27:08 - PHP Notice:  Undefined index: total in /home/pakhshpl/public_html/vendor/view/template/dashboard/recent.tpl on line 25
2017-12-29 17:27:08 - PHP Notice:  Undefined index: total in /home/pakhshpl/public_html/vendor/view/template/dashboard/recent.tpl on line 25
2017-12-30 19:16:28 - PHP Notice:  Undefined index: total in /home/pakhshpl/public_html/vendor/view/template/dashboard/recent.tpl on line 25
2017-12-30 19:16:28 - PHP Notice:  Undefined index: total in /home/pakhshpl/public_html/vendor/view/template/dashboard/recent.tpl on line 25
2017-12-30 19:16:28 - PHP Notice:  Undefined index: total in /home/pakhshpl/public_html/vendor/view/template/dashboard/recent.tpl on line 25
2017-12-30 19:16:28 - PHP Notice:  Undefined index: total in /home/pakhshpl/public_html/vendor/view/template/dashboard/recent.tpl on line 25
2017-12-30 19:16:28 - PHP Notice:  Undefined index: total in /home/pakhshpl/public_html/vendor/view/template/dashboard/recent.tpl on line 25
2017-12-30 19:58:18 - PHP Notice:  Undefined index: total in /home/pakhshpl/public_html/vendor/view/template/dashboard/recent.tpl on line 25
2017-12-30 19:58:18 - PHP Notice:  Undefined index: total in /home/pakhshpl/public_html/vendor/view/template/dashboard/recent.tpl on line 25
2017-12-30 19:58:18 - PHP Notice:  Undefined index: total in /home/pakhshpl/public_html/vendor/view/template/dashboard/recent.tpl on line 25
2017-12-30 19:58:18 - PHP Notice:  Undefined index: total in /home/pakhshpl/public_html/vendor/view/template/dashboard/recent.tpl on line 25
2017-12-30 19:58:18 - PHP Notice:  Undefined index: total in /home/pakhshpl/public_html/vendor/view/template/dashboard/recent.tpl on line 25
2018-01-01 22:31:43 - PHP Notice:  Undefined index: total in /home/pakhshpl/public_html/vendor/view/template/dashboard/recent.tpl on line 25
2018-01-01 22:31:43 - PHP Notice:  Undefined index: total in /home/pakhshpl/public_html/vendor/view/template/dashboard/recent.tpl on line 25
2018-01-01 22:31:43 - PHP Notice:  Undefined index: total in /home/pakhshpl/public_html/vendor/view/template/dashboard/recent.tpl on line 25
2018-01-01 22:31:43 - PHP Notice:  Undefined index: total in /home/pakhshpl/public_html/vendor/view/template/dashboard/recent.tpl on line 25
2018-01-01 22:31:43 - PHP Notice:  Undefined index: total in /home/pakhshpl/public_html/vendor/view/template/dashboard/recent.tpl on line 25
2018-01-02 19:37:36 - PHP Notice:  Undefined index: total in /home/pakhshpl/public_html/vendor/view/template/dashboard/recent.tpl on line 25
2018-01-02 19:37:36 - PHP Notice:  Undefined index: total in /home/pakhshpl/public_html/vendor/view/template/dashboard/recent.tpl on line 25
2018-01-02 19:37:38 - PHP Notice:  Undefined index: total in /home/pakhshpl/public_html/vendor/view/template/dashboard/recent.tpl on line 25
2018-01-02 19:37:38 - PHP Notice:  Undefined index: total in /home/pakhshpl/public_html/vendor/view/template/dashboard/recent.tpl on line 25
2018-01-02 19:37:38 - PHP Notice:  Undefined index: total in /home/pakhshpl/public_html/vendor/view/template/dashboard/recent.tpl on line 25
2018-01-03 15:26:02 - PHP Notice:  Undefined index: total in /home/pakhshpl/public_html/vendor/view/template/dashboard/recent.tpl on line 25
2018-01-03 15:26:02 - PHP Notice:  Undefined index: total in /home/pakhshpl/public_html/vendor/view/template/dashboard/recent.tpl on line 25
2018-01-03 15:26:02 - PHP Notice:  Undefined index: total in /home/pakhshpl/public_html/vendor/view/template/dashboard/recent.tpl on line 25
2018-01-03 15:26:02 - PHP Notice:  Undefined index: total in /home/pakhshpl/public_html/vendor/view/template/dashboard/recent.tpl on line 25
2018-01-03 15:26:02 - PHP Notice:  Undefined index: total in /home/pakhshpl/public_html/vendor/view/template/dashboard/recent.tpl on line 25
2018-01-03 15:33:04 - PHP Notice:  Undefined index: total in /home/pakhshpl/public_html/vendor/view/template/dashboard/recent.tpl on line 25
2018-01-03 15:33:04 - PHP Notice:  Undefined index: total in /home/pakhshpl/public_html/vendor/view/template/dashboard/recent.tpl on line 25
2018-01-03 15:33:04 - PHP Notice:  Undefined index: total in /home/pakhshpl/public_html/vendor/view/template/dashboard/recent.tpl on line 25
2018-01-03 15:33:04 - PHP Notice:  Undefined index: total in /home/pakhshpl/public_html/vendor/view/template/dashboard/recent.tpl on line 25
2018-01-03 15:33:04 - PHP Notice:  Undefined index: total in /home/pakhshpl/public_html/vendor/view/template/dashboard/recent.tpl on line 25
2018-01-03 15:47:11 - PHP Notice:  Undefined index: total in /home/pakhshpl/public_html/vendor/view/template/dashboard/recent.tpl on line 25
2018-01-03 15:47:11 - PHP Notice:  Undefined index: total in /home/pakhshpl/public_html/vendor/view/template/dashboard/recent.tpl on line 25
2018-01-03 15:47:11 - PHP Notice:  Undefined index: total in /home/pakhshpl/public_html/vendor/view/template/dashboard/recent.tpl on line 25
2018-01-03 15:47:11 - PHP Notice:  Undefined index: total in /home/pakhshpl/public_html/vendor/view/template/dashboard/recent.tpl on line 25
2018-01-03 15:47:11 - PHP Notice:  Undefined index: total in /home/pakhshpl/public_html/vendor/view/template/dashboard/recent.tpl on line 25
2018-01-05 22:31:04 - PHP Notice:  Undefined index: total in /home/pakhshpl/public_html/vendor/view/template/dashboard/recent.tpl on line 25
2018-01-05 22:31:04 - PHP Notice:  Undefined index: total in /home/pakhshpl/public_html/vendor/view/template/dashboard/recent.tpl on line 25
2018-01-05 22:31:04 - PHP Notice:  Undefined index: total in /home/pakhshpl/public_html/vendor/view/template/dashboard/recent.tpl on line 25
2018-01-05 22:31:04 - PHP Notice:  Undefined index: total in /home/pakhshpl/public_html/vendor/view/template/dashboard/recent.tpl on line 25
2018-01-05 22:31:04 - PHP Notice:  Undefined index: total in /home/pakhshpl/public_html/vendor/view/template/dashboard/recent.tpl on line 25
2018-01-07 18:16:26 - PHP Notice:  Undefined index: total in /home/pakhshpl/public_html/vendor/view/template/dashboard/recent.tpl on line 25
2018-01-07 18:16:26 - PHP Notice:  Undefined index: total in /home/pakhshpl/public_html/vendor/view/template/dashboard/recent.tpl on line 25
2018-01-07 18:16:26 - PHP Notice:  Undefined index: total in /home/pakhshpl/public_html/vendor/view/template/dashboard/recent.tpl on line 25
2018-01-07 18:16:26 - PHP Notice:  Undefined index: total in /home/pakhshpl/public_html/vendor/view/template/dashboard/recent.tpl on line 25
2018-01-07 18:16:26 - PHP Notice:  Undefined index: total in /home/pakhshpl/public_html/vendor/view/template/dashboard/recent.tpl on line 25
2018-01-07 18:18:18 - PHP Notice:  Undefined index: total in /home/pakhshpl/public_html/vendor/view/template/dashboard/recent.tpl on line 25
2018-01-07 18:18:18 - PHP Notice:  Undefined index: total in /home/pakhshpl/public_html/vendor/view/template/dashboard/recent.tpl on line 25
2018-01-07 18:18:18 - PHP Notice:  Undefined index: total in /home/pakhshpl/public_html/vendor/view/template/dashboard/recent.tpl on line 25
2018-01-07 18:18:18 - PHP Notice:  Undefined index: total in /home/pakhshpl/public_html/vendor/view/template/dashboard/recent.tpl on line 25
2018-01-07 18:18:18 - PHP Notice:  Undefined index: total in /home/pakhshpl/public_html/vendor/view/template/dashboard/recent.tpl on line 25
2018-01-07 18:20:29 - PHP Notice:  Undefined index: total in /home/pakhshpl/public_html/vendor/view/template/dashboard/recent.tpl on line 25
2018-01-07 18:20:29 - PHP Notice:  Undefined index: total in /home/pakhshpl/public_html/vendor/view/template/dashboard/recent.tpl on line 25
2018-01-07 18:20:29 - PHP Notice:  Undefined index: total in /home/pakhshpl/public_html/vendor/view/template/dashboard/recent.tpl on line 25
2018-01-07 18:20:29 - PHP Notice:  Undefined index: total in /home/pakhshpl/public_html/vendor/view/template/dashboard/recent.tpl on line 25
2018-01-07 18:20:29 - PHP Notice:  Undefined index: total in /home/pakhshpl/public_html/vendor/view/template/dashboard/recent.tpl on line 25
2018-01-07 18:21:30 - PHP Notice:  Undefined index: total in /home/pakhshpl/public_html/vendor/view/template/dashboard/recent.tpl on line 25
2018-01-07 18:21:30 - PHP Notice:  Undefined index: total in /home/pakhshpl/public_html/vendor/view/template/dashboard/recent.tpl on line 25
2018-01-07 18:21:30 - PHP Notice:  Undefined index: total in /home/pakhshpl/public_html/vendor/view/template/dashboard/recent.tpl on line 25
2018-01-07 18:21:30 - PHP Notice:  Undefined index: total in /home/pakhshpl/public_html/vendor/view/template/dashboard/recent.tpl on line 25
2018-01-07 18:21:30 - PHP Notice:  Undefined index: total in /home/pakhshpl/public_html/vendor/view/template/dashboard/recent.tpl on line 25
2018-01-07 19:28:19 - PHP Notice:  Undefined index: total in /home/pakhshpl/public_html/vendor/view/template/dashboard/recent.tpl on line 25
2018-01-07 19:28:19 - PHP Notice:  Undefined index: total in /home/pakhshpl/public_html/vendor/view/template/dashboard/recent.tpl on line 25
2018-01-07 19:28:19 - PHP Notice:  Undefined index: total in /home/pakhshpl/public_html/vendor/view/template/dashboard/recent.tpl on line 25
2018-01-07 19:28:19 - PHP Notice:  Undefined index: total in /home/pakhshpl/public_html/vendor/view/template/dashboard/recent.tpl on line 25
2018-01-07 19:28:19 - PHP Notice:  Undefined index: total in /home/pakhshpl/public_html/vendor/view/template/dashboard/recent.tpl on line 25
2018-01-07 19:28:30 - PHP Notice:  Undefined index: total in /home/pakhshpl/public_html/vendor/view/template/dashboard/recent.tpl on line 25
2018-01-07 19:28:30 - PHP Notice:  Undefined index: total in /home/pakhshpl/public_html/vendor/view/template/dashboard/recent.tpl on line 25
2018-01-07 19:28:30 - PHP Notice:  Undefined index: total in /home/pakhshpl/public_html/vendor/view/template/dashboard/recent.tpl on line 25
2018-01-07 19:28:30 - PHP Notice:  Undefined index: total in /home/pakhshpl/public_html/vendor/view/template/dashboard/recent.tpl on line 25
2018-01-07 19:28:30 - PHP Notice:  Undefined index: total in /home/pakhshpl/public_html/vendor/view/template/dashboard/recent.tpl on line 25
2018-01-07 19:29:15 - PHP Notice:  Undefined index: total in /home/pakhshpl/public_html/vendor/view/template/dashboard/recent.tpl on line 25
2018-01-07 19:29:15 - PHP Notice:  Undefined index: total in /home/pakhshpl/public_html/vendor/view/template/dashboard/recent.tpl on line 25
2018-01-07 19:29:15 - PHP Notice:  Undefined index: total in /home/pakhshpl/public_html/vendor/view/template/dashboard/recent.tpl on line 25
2018-01-07 19:29:15 - PHP Notice:  Undefined index: total in /home/pakhshpl/public_html/vendor/view/template/dashboard/recent.tpl on line 25
2018-01-07 19:29:15 - PHP Notice:  Undefined index: total in /home/pakhshpl/public_html/vendor/view/template/dashboard/recent.tpl on line 25
2018-01-07 19:33:31 - PHP Notice:  Undefined index: total in /home/pakhshpl/public_html/vendor/view/template/dashboard/recent.tpl on line 25
2018-01-07 19:33:31 - PHP Notice:  Undefined index: total in /home/pakhshpl/public_html/vendor/view/template/dashboard/recent.tpl on line 25
2018-01-07 19:33:31 - PHP Notice:  Undefined index: total in /home/pakhshpl/public_html/vendor/view/template/dashboard/recent.tpl on line 25
2018-01-07 19:33:31 - PHP Notice:  Undefined index: total in /home/pakhshpl/public_html/vendor/view/template/dashboard/recent.tpl on line 25
2018-01-07 19:33:31 - PHP Notice:  Undefined index: total in /home/pakhshpl/public_html/vendor/view/template/dashboard/recent.tpl on line 25
2018-01-07 19:35:47 - PHP Notice:  Undefined index: total in /home/pakhshpl/public_html/vendor/view/template/dashboard/recent.tpl on line 25
2018-01-07 19:35:47 - PHP Notice:  Undefined index: total in /home/pakhshpl/public_html/vendor/view/template/dashboard/recent.tpl on line 25
2018-01-07 19:35:47 - PHP Notice:  Undefined index: total in /home/pakhshpl/public_html/vendor/view/template/dashboard/recent.tpl on line 25
2018-01-07 19:35:47 - PHP Notice:  Undefined index: total in /home/pakhshpl/public_html/vendor/view/template/dashboard/recent.tpl on line 25
2018-01-07 19:35:47 - PHP Notice:  Undefined index: total in /home/pakhshpl/public_html/vendor/view/template/dashboard/recent.tpl on line 25
2018-01-07 19:44:29 - PHP Notice:  Undefined index: total in /home/pakhshpl/public_html/vendor/view/template/dashboard/recent.tpl on line 25
2018-01-07 20:58:34 - PHP Notice:  Undefined index: total in /home/pakhshpl/public_html/vendor/view/template/dashboard/recent.tpl on line 25
2018-01-07 20:58:34 - PHP Notice:  Undefined index: total in /home/pakhshpl/public_html/vendor/view/template/dashboard/recent.tpl on line 25
2018-01-07 22:48:06 - PHP Notice:  Undefined index: total in /home/pakhshpl/public_html/vendor/view/template/dashboard/recent.tpl on line 25
2018-01-07 22:48:06 - PHP Notice:  Undefined index: total in /home/pakhshpl/public_html/vendor/view/template/dashboard/recent.tpl on line 25
2018-01-07 22:51:00 - PHP Notice:  Undefined index: total in /home/pakhshpl/public_html/vendor/view/template/dashboard/recent.tpl on line 25
2018-01-09 10:17:10 - PHP Notice:  Undefined index: total in /home/pakhshpl/public_html/vendor/view/template/dashboard/recent.tpl on line 25
2018-01-09 10:17:10 - PHP Notice:  Undefined index: total in /home/pakhshpl/public_html/vendor/view/template/dashboard/recent.tpl on line 25
2018-01-09 10:17:10 - PHP Notice:  Undefined index: total in /home/pakhshpl/public_html/vendor/view/template/dashboard/recent.tpl on line 25
2018-01-09 10:17:10 - PHP Notice:  Undefined index: total in /home/pakhshpl/public_html/vendor/view/template/dashboard/recent.tpl on line 25
2018-01-09 14:46:07 - PHP Notice:  Undefined index: total in /home/pakhshpl/public_html/vendor/view/template/dashboard/recent.tpl on line 25
2018-01-09 14:46:07 - PHP Notice:  Undefined index: total in /home/pakhshpl/public_html/vendor/view/template/dashboard/recent.tpl on line 25
2018-01-09 14:46:07 - PHP Notice:  Undefined index: total in /home/pakhshpl/public_html/vendor/view/template/dashboard/recent.tpl on line 25
2018-01-09 14:46:07 - PHP Notice:  Undefined index: total in /home/pakhshpl/public_html/vendor/view/template/dashboard/recent.tpl on line 25
2018-01-09 14:46:07 - PHP Notice:  Undefined index: total in /home/pakhshpl/public_html/vendor/view/template/dashboard/recent.tpl on line 25
2018-01-09 15:00:35 - PHP Notice:  Undefined index: total in /home/pakhshpl/public_html/vendor/view/template/dashboard/recent.tpl on line 25
2018-01-09 15:00:35 - PHP Notice:  Undefined index: total in /home/pakhshpl/public_html/vendor/view/template/dashboard/recent.tpl on line 25
2018-01-09 15:00:35 - PHP Notice:  Undefined index: total in /home/pakhshpl/public_html/vendor/view/template/dashboard/recent.tpl on line 25
2018-01-09 15:00:35 - PHP Notice:  Undefined index: total in /home/pakhshpl/public_html/vendor/view/template/dashboard/recent.tpl on line 25
2018-01-09 15:00:35 - PHP Notice:  Undefined index: total in /home/pakhshpl/public_html/vendor/view/template/dashboard/recent.tpl on line 25
2018-01-09 18:56:47 - PHP Notice:  Undefined index: total in /home/pakhshpl/public_html/vendor/view/template/dashboard/recent.tpl on line 25
2018-01-09 18:56:47 - PHP Notice:  Undefined index: total in /home/pakhshpl/public_html/vendor/view/template/dashboard/recent.tpl on line 25
2018-01-09 18:56:47 - PHP Notice:  Undefined index: total in /home/pakhshpl/public_html/vendor/view/template/dashboard/recent.tpl on line 25
2018-01-09 18:56:47 - PHP Notice:  Undefined index: total in /home/pakhshpl/public_html/vendor/view/template/dashboard/recent.tpl on line 25
2018-01-09 18:56:47 - PHP Notice:  Undefined index: total in /home/pakhshpl/public_html/vendor/view/template/dashboard/recent.tpl on line 25
2018-01-09 23:39:42 - PHP Notice:  Undefined index: total in /home/pakhshpl/public_html/vendor/view/template/dashboard/recent.tpl on line 25
2018-01-09 23:39:42 - PHP Notice:  Undefined index: total in /home/pakhshpl/public_html/vendor/view/template/dashboard/recent.tpl on line 25
2018-01-09 23:39:42 - PHP Notice:  Undefined index: total in /home/pakhshpl/public_html/vendor/view/template/dashboard/recent.tpl on line 25
2018-01-09 23:39:42 - PHP Notice:  Undefined index: total in /home/pakhshpl/public_html/vendor/view/template/dashboard/recent.tpl on line 25
2018-01-09 23:39:42 - PHP Notice:  Undefined index: total in /home/pakhshpl/public_html/vendor/view/template/dashboard/recent.tpl on line 25
2018-01-10 8:44:23 - PHP Notice:  Undefined index: total in /home/pakhshpl/public_html/vendor/view/template/dashboard/recent.tpl on line 25
2018-01-10 8:44:23 - PHP Notice:  Undefined index: total in /home/pakhshpl/public_html/vendor/view/template/dashboard/recent.tpl on line 25
2018-01-10 8:44:23 - PHP Notice:  Undefined index: total in /home/pakhshpl/public_html/vendor/view/template/dashboard/recent.tpl on line 25
2018-01-10 8:44:23 - PHP Notice:  Undefined index: total in /home/pakhshpl/public_html/vendor/view/template/dashboard/recent.tpl on line 25
2018-01-10 8:44:23 - PHP Notice:  Undefined index: total in /home/pakhshpl/public_html/vendor/view/template/dashboard/recent.tpl on line 25
2018-01-10 8:54:55 - PHP Notice:  Undefined index: total in /home/pakhshpl/public_html/vendor/view/template/dashboard/recent.tpl on line 25
2018-01-10 8:54:55 - PHP Notice:  Undefined index: total in /home/pakhshpl/public_html/vendor/view/template/dashboard/recent.tpl on line 25
2018-01-10 8:54:55 - PHP Notice:  Undefined index: total in /home/pakhshpl/public_html/vendor/view/template/dashboard/recent.tpl on line 25
2018-01-10 8:55:05 - PHP Notice:  Undefined index: total in /home/pakhshpl/public_html/vendor/view/template/dashboard/recent.tpl on line 25
2018-01-10 8:55:05 - PHP Notice:  Undefined index: total in /home/pakhshpl/public_html/vendor/view/template/dashboard/recent.tpl on line 25
2018-01-10 8:55:05 - PHP Notice:  Undefined index: total in /home/pakhshpl/public_html/vendor/view/template/dashboard/recent.tpl on line 25
2018-01-10 8:55:05 - PHP Notice:  Undefined index: total in /home/pakhshpl/public_html/vendor/view/template/dashboard/recent.tpl on line 25
2018-01-10 8:55:05 - PHP Notice:  Undefined index: total in /home/pakhshpl/public_html/vendor/view/template/dashboard/recent.tpl on line 25
2018-01-10 9:58:34 - PHP Notice:  Undefined index: total in /home/pakhshpl/public_html/vendor/view/template/dashboard/recent.tpl on line 25
2018-01-10 9:58:34 - PHP Notice:  Undefined index: total in /home/pakhshpl/public_html/vendor/view/template/dashboard/recent.tpl on line 25
2018-01-10 9:58:34 - PHP Notice:  Undefined index: total in /home/pakhshpl/public_html/vendor/view/template/dashboard/recent.tpl on line 25
2018-01-10 9:58:34 - PHP Notice:  Undefined index: total in /home/pakhshpl/public_html/vendor/view/template/dashboard/recent.tpl on line 25
2018-01-10 9:58:34 - PHP Notice:  Undefined index: total in /home/pakhshpl/public_html/vendor/view/template/dashboard/recent.tpl on line 25
2018-01-10 10:55:03 - PHP Notice:  Undefined index: total in /home/pakhshpl/public_html/vendor/view/template/dashboard/recent.tpl on line 25
2018-01-10 10:55:03 - PHP Notice:  Undefined index: total in /home/pakhshpl/public_html/vendor/view/template/dashboard/recent.tpl on line 25
2018-01-10 10:55:03 - PHP Notice:  Undefined index: total in /home/pakhshpl/public_html/vendor/view/template/dashboard/recent.tpl on line 25
2018-01-10 10:55:03 - PHP Notice:  Undefined index: total in /home/pakhshpl/public_html/vendor/view/template/dashboard/recent.tpl on line 25
2018-01-10 10:55:03 - PHP Notice:  Undefined index: total in /home/pakhshpl/public_html/vendor/view/template/dashboard/recent.tpl on line 25
2018-01-10 11:16:07 - PHP Notice:  Undefined index: total in /home/pakhshpl/public_html/vendor/view/template/dashboard/recent.tpl on line 25
2018-01-10 11:16:07 - PHP Notice:  Undefined index: total in /home/pakhshpl/public_html/vendor/view/template/dashboard/recent.tpl on line 25
2018-01-10 11:16:07 - PHP Notice:  Undefined index: total in /home/pakhshpl/public_html/vendor/view/template/dashboard/recent.tpl on line 25
2018-01-10 11:16:07 - PHP Notice:  Undefined index: total in /home/pakhshpl/public_html/vendor/view/template/dashboard/recent.tpl on line 25
2018-01-10 11:16:07 - PHP Notice:  Undefined index: total in /home/pakhshpl/public_html/vendor/view/template/dashboard/recent.tpl on line 25
2018-01-10 11:42:01 - PHP Notice:  Undefined index: total in /home/pakhshpl/public_html/vendor/view/template/dashboard/recent.tpl on line 25
2018-01-10 11:42:01 - PHP Notice:  Undefined index: total in /home/pakhshpl/public_html/vendor/view/template/dashboard/recent.tpl on line 25
2018-01-10 11:42:01 - PHP Notice:  Undefined index: total in /home/pakhshpl/public_html/vendor/view/template/dashboard/recent.tpl on line 25
2018-01-10 11:42:01 - PHP Notice:  Undefined index: total in /home/pakhshpl/public_html/vendor/view/template/dashboard/recent.tpl on line 25
2018-01-10 11:42:01 - PHP Notice:  Undefined index: total in /home/pakhshpl/public_html/vendor/view/template/dashboard/recent.tpl on line 25
2018-01-10 13:23:15 - PHP Notice:  Undefined index: total in /home/pakhshpl/public_html/vendor/view/template/dashboard/recent.tpl on line 25
2018-01-10 13:23:15 - PHP Notice:  Undefined index: total in /home/pakhshpl/public_html/vendor/view/template/dashboard/recent.tpl on line 25
2018-01-10 13:23:15 - PHP Notice:  Undefined index: total in /home/pakhshpl/public_html/vendor/view/template/dashboard/recent.tpl on line 25
2018-01-10 13:23:15 - PHP Notice:  Undefined index: total in /home/pakhshpl/public_html/vendor/view/template/dashboard/recent.tpl on line 25
2018-01-10 13:23:15 - PHP Notice:  Undefined index: total in /home/pakhshpl/public_html/vendor/view/template/dashboard/recent.tpl on line 25
2018-01-10 18:12:36 - PHP Notice:  Undefined index: total in /home/pakhshpl/public_html/vendor/view/template/dashboard/recent.tpl on line 25
2018-01-10 18:12:36 - PHP Notice:  Undefined index: total in /home/pakhshpl/public_html/vendor/view/template/dashboard/recent.tpl on line 25
2018-01-10 18:12:36 - PHP Notice:  Undefined index: total in /home/pakhshpl/public_html/vendor/view/template/dashboard/recent.tpl on line 25
2018-01-10 18:12:36 - PHP Notice:  Undefined index: total in /home/pakhshpl/public_html/vendor/view/template/dashboard/recent.tpl on line 25
2018-01-10 18:12:36 - PHP Notice:  Undefined index: total in /home/pakhshpl/public_html/vendor/view/template/dashboard/recent.tpl on line 25
2018-01-10 18:13:05 - PHP Notice:  Undefined index: total in /home/pakhshpl/public_html/vendor/view/template/dashboard/recent.tpl on line 25
2018-01-10 18:13:05 - PHP Notice:  Undefined index: total in /home/pakhshpl/public_html/vendor/view/template/dashboard/recent.tpl on line 25
2018-01-10 18:13:05 - PHP Notice:  Undefined index: total in /home/pakhshpl/public_html/vendor/view/template/dashboard/recent.tpl on line 25
2018-01-10 18:13:05 - PHP Notice:  Undefined index: total in /home/pakhshpl/public_html/vendor/view/template/dashboard/recent.tpl on line 25
2018-01-10 18:13:05 - PHP Notice:  Undefined index: total in /home/pakhshpl/public_html/vendor/view/template/dashboard/recent.tpl on line 25
2018-01-10 18:13:15 - PHP Notice:  Undefined index: total in /home/pakhshpl/public_html/vendor/view/template/dashboard/recent.tpl on line 25
2018-01-10 18:13:15 - PHP Notice:  Undefined index: total in /home/pakhshpl/public_html/vendor/view/template/dashboard/recent.tpl on line 25
2018-01-10 18:13:15 - PHP Notice:  Undefined index: total in /home/pakhshpl/public_html/vendor/view/template/dashboard/recent.tpl on line 25
2018-01-10 18:13:15 - PHP Notice:  Undefined index: total in /home/pakhshpl/public_html/vendor/view/template/dashboard/recent.tpl on line 25
2018-01-10 18:13:15 - PHP Notice:  Undefined index: total in /home/pakhshpl/public_html/vendor/view/template/dashboard/recent.tpl on line 25
2018-01-10 18:14:36 - PHP Notice:  Undefined index: total in /home/pakhshpl/public_html/vendor/view/template/dashboard/recent.tpl on line 25
2018-01-10 18:14:36 - PHP Notice:  Undefined index: total in /home/pakhshpl/public_html/vendor/view/template/dashboard/recent.tpl on line 25
2018-01-10 18:14:36 - PHP Notice:  Undefined index: total in /home/pakhshpl/public_html/vendor/view/template/dashboard/recent.tpl on line 25
2018-01-10 18:14:36 - PHP Notice:  Undefined index: total in /home/pakhshpl/public_html/vendor/view/template/dashboard/recent.tpl on line 25
2018-01-10 18:14:36 - PHP Notice:  Undefined index: total in /home/pakhshpl/public_html/vendor/view/template/dashboard/recent.tpl on line 25
2018-01-10 18:15:31 - PHP Notice:  Undefined index: total in /home/pakhshpl/public_html/vendor/view/template/dashboard/recent.tpl on line 25
2018-01-10 18:15:31 - PHP Notice:  Undefined index: total in /home/pakhshpl/public_html/vendor/view/template/dashboard/recent.tpl on line 25
2018-01-10 18:15:31 - PHP Notice:  Undefined index: total in /home/pakhshpl/public_html/vendor/view/template/dashboard/recent.tpl on line 25
2018-01-10 18:15:31 - PHP Notice:  Undefined index: total in /home/pakhshpl/public_html/vendor/view/template/dashboard/recent.tpl on line 25
2018-01-10 18:15:31 - PHP Notice:  Undefined index: total in /home/pakhshpl/public_html/vendor/view/template/dashboard/recent.tpl on line 25
2018-01-10 18:16:19 - PHP Notice:  Undefined index: total in /home/pakhshpl/public_html/vendor/view/template/dashboard/recent.tpl on line 25
2018-01-10 18:16:19 - PHP Notice:  Undefined index: total in /home/pakhshpl/public_html/vendor/view/template/dashboard/recent.tpl on line 25
2018-01-10 18:16:19 - PHP Notice:  Undefined index: total in /home/pakhshpl/public_html/vendor/view/template/dashboard/recent.tpl on line 25
2018-01-10 18:16:19 - PHP Notice:  Undefined index: total in /home/pakhshpl/public_html/vendor/view/template/dashboard/recent.tpl on line 25
2018-01-10 18:27:36 - PHP Notice:  Undefined index: total in /home/pakhshpl/public_html/vendor/view/template/dashboard/recent.tpl on line 25
2018-01-10 18:27:36 - PHP Notice:  Undefined index: total in /home/pakhshpl/public_html/vendor/view/template/dashboard/recent.tpl on line 25
2018-01-10 18:27:36 - PHP Notice:  Undefined index: total in /home/pakhshpl/public_html/vendor/view/template/dashboard/recent.tpl on line 25
2018-01-10 18:27:36 - PHP Notice:  Undefined index: total in /home/pakhshpl/public_html/vendor/view/template/dashboard/recent.tpl on line 25
2018-01-10 19:39:35 - PHP Notice:  Undefined index: total in /home/pakhshpl/public_html/vendor/view/template/dashboard/recent.tpl on line 25
2018-01-10 19:39:35 - PHP Notice:  Undefined index: total in /home/pakhshpl/public_html/vendor/view/template/dashboard/recent.tpl on line 25
2018-01-10 19:39:35 - PHP Notice:  Undefined index: total in /home/pakhshpl/public_html/vendor/view/template/dashboard/recent.tpl on line 25
2018-01-10 19:39:35 - PHP Notice:  Undefined index: total in /home/pakhshpl/public_html/vendor/view/template/dashboard/recent.tpl on line 25
2018-01-10 19:39:35 - PHP Notice:  Undefined index: total in /home/pakhshpl/public_html/vendor/view/template/dashboard/recent.tpl on line 25
2018-01-10 21:22:34 - PHP Notice:  Undefined index: total in /home/pakhshpl/public_html/vendor/view/template/dashboard/recent.tpl on line 25
2018-01-10 21:22:34 - PHP Notice:  Undefined index: total in /home/pakhshpl/public_html/vendor/view/template/dashboard/recent.tpl on line 25
2018-01-10 21:22:34 - PHP Notice:  Undefined index: total in /home/pakhshpl/public_html/vendor/view/template/dashboard/recent.tpl on line 25
2018-01-10 21:22:34 - PHP Notice:  Undefined index: total in /home/pakhshpl/public_html/vendor/view/template/dashboard/recent.tpl on line 25
2018-01-10 21:22:34 - PHP Notice:  Undefined index: total in /home/pakhshpl/public_html/vendor/view/template/dashboard/recent.tpl on line 25
2018-01-10 21:22:56 - PHP Notice:  Undefined index: total in /home/pakhshpl/public_html/vendor/view/template/dashboard/recent.tpl on line 25
2018-01-10 21:22:56 - PHP Notice:  Undefined index: total in /home/pakhshpl/public_html/vendor/view/template/dashboard/recent.tpl on line 25
2018-01-10 21:22:56 - PHP Notice:  Undefined index: total in /home/pakhshpl/public_html/vendor/view/template/dashboard/recent.tpl on line 25
2018-01-10 21:22:56 - PHP Notice:  Undefined index: total in /home/pakhshpl/public_html/vendor/view/template/dashboard/recent.tpl on line 25
2018-01-10 22:31:50 - PHP Notice:  Undefined index: total in /home/pakhshpl/public_html/vendor/view/template/dashboard/recent.tpl on line 25
2018-01-10 22:31:50 - PHP Notice:  Undefined index: total in /home/pakhshpl/public_html/vendor/view/template/dashboard/recent.tpl on line 25
2018-01-10 22:31:50 - PHP Notice:  Undefined index: total in /home/pakhshpl/public_html/vendor/view/template/dashboard/recent.tpl on line 25
2018-01-10 22:31:50 - PHP Notice:  Undefined index: total in /home/pakhshpl/public_html/vendor/view/template/dashboard/recent.tpl on line 25
2018-01-10 22:31:50 - PHP Notice:  Undefined index: total in /home/pakhshpl/public_html/vendor/view/template/dashboard/recent.tpl on line 25
2018-01-10 22:43:59 - PHP Notice:  Undefined variable: newTotal in /home/pakhshpl/public_html/vendor/controller/sale/order.php on line 1235
2018-01-10 22:43:59 - PHP Notice:  Undefined variable: newTotal in /home/pakhshpl/public_html/vendor/controller/sale/order.php on line 1238
2018-01-10 22:47:36 - PHP Notice:  Undefined index: total in /home/pakhshpl/public_html/vendor/view/template/dashboard/recent.tpl on line 25
2018-01-10 22:47:36 - PHP Notice:  Undefined index: total in /home/pakhshpl/public_html/vendor/view/template/dashboard/recent.tpl on line 25
2018-01-10 22:47:36 - PHP Notice:  Undefined index: total in /home/pakhshpl/public_html/vendor/view/template/dashboard/recent.tpl on line 25
2018-01-10 22:47:36 - PHP Notice:  Undefined index: total in /home/pakhshpl/public_html/vendor/view/template/dashboard/recent.tpl on line 25
2018-01-10 22:47:36 - PHP Notice:  Undefined index: total in /home/pakhshpl/public_html/vendor/view/template/dashboard/recent.tpl on line 25
2018-01-10 22:54:51 - PHP Notice:  Undefined index: total in /home/pakhshpl/public_html/vendor/view/template/dashboard/recent.tpl on line 25
2018-01-10 22:54:51 - PHP Notice:  Undefined index: total in /home/pakhshpl/public_html/vendor/view/template/dashboard/recent.tpl on line 25
2018-01-10 22:54:51 - PHP Notice:  Undefined index: total in /home/pakhshpl/public_html/vendor/view/template/dashboard/recent.tpl on line 25
2018-01-10 22:54:51 - PHP Notice:  Undefined index: total in /home/pakhshpl/public_html/vendor/view/template/dashboard/recent.tpl on line 25
2018-01-10 22:54:51 - PHP Notice:  Undefined index: total in /home/pakhshpl/public_html/vendor/view/template/dashboard/recent.tpl on line 25
2018-01-11 0:19:28 - PHP Notice:  Undefined index: total in /home/pakhshpl/public_html/vendor/view/template/dashboard/recent.tpl on line 25
2018-01-11 0:19:28 - PHP Notice:  Undefined index: total in /home/pakhshpl/public_html/vendor/view/template/dashboard/recent.tpl on line 25
2018-01-11 0:19:28 - PHP Notice:  Undefined index: total in /home/pakhshpl/public_html/vendor/view/template/dashboard/recent.tpl on line 25
2018-01-11 0:19:28 - PHP Notice:  Undefined index: total in /home/pakhshpl/public_html/vendor/view/template/dashboard/recent.tpl on line 25
2018-01-11 0:19:28 - PHP Notice:  Undefined index: total in /home/pakhshpl/public_html/vendor/view/template/dashboard/recent.tpl on line 25
2018-01-11 0:32:16 - PHP Notice:  Undefined index: total in /home/pakhshpl/public_html/vendor/view/template/dashboard/recent.tpl on line 25
2018-01-11 0:32:16 - PHP Notice:  Undefined index: total in /home/pakhshpl/public_html/vendor/view/template/dashboard/recent.tpl on line 25
2018-01-11 0:32:16 - PHP Notice:  Undefined index: total in /home/pakhshpl/public_html/vendor/view/template/dashboard/recent.tpl on line 25
2018-01-11 0:32:16 - PHP Notice:  Undefined index: total in /home/pakhshpl/public_html/vendor/view/template/dashboard/recent.tpl on line 25
2018-01-11 0:32:16 - PHP Notice:  Undefined index: total in /home/pakhshpl/public_html/vendor/view/template/dashboard/recent.tpl on line 25
2018-01-11 0:34:05 - PHP Notice:  Undefined index: total in /home/pakhshpl/public_html/vendor/view/template/dashboard/recent.tpl on line 25
2018-01-11 0:34:05 - PHP Notice:  Undefined index: total in /home/pakhshpl/public_html/vendor/view/template/dashboard/recent.tpl on line 25
2018-01-11 0:34:05 - PHP Notice:  Undefined index: total in /home/pakhshpl/public_html/vendor/view/template/dashboard/recent.tpl on line 25
2018-01-11 0:34:05 - PHP Notice:  Undefined index: total in /home/pakhshpl/public_html/vendor/view/template/dashboard/recent.tpl on line 25
2018-01-11 0:34:05 - PHP Notice:  Undefined index: total in /home/pakhshpl/public_html/vendor/view/template/dashboard/recent.tpl on line 25
2018-01-11 0:43:29 - PHP Notice:  Undefined index: total in /home/pakhshpl/public_html/vendor/view/template/dashboard/recent.tpl on line 25
2018-01-11 0:43:29 - PHP Notice:  Undefined index: total in /home/pakhshpl/public_html/vendor/view/template/dashboard/recent.tpl on line 25
2018-01-11 0:43:29 - PHP Notice:  Undefined index: total in /home/pakhshpl/public_html/vendor/view/template/dashboard/recent.tpl on line 25
2018-01-11 0:43:29 - PHP Notice:  Undefined index: total in /home/pakhshpl/public_html/vendor/view/template/dashboard/recent.tpl on line 25
2018-01-11 0:43:29 - PHP Notice:  Undefined index: total in /home/pakhshpl/public_html/vendor/view/template/dashboard/recent.tpl on line 25
2018-01-11 0:53:47 - PHP Notice:  Undefined index: total in /home/pakhshpl/public_html/vendor/view/template/dashboard/recent.tpl on line 25
2018-01-11 0:53:47 - PHP Notice:  Undefined index: total in /home/pakhshpl/public_html/vendor/view/template/dashboard/recent.tpl on line 25
2018-01-11 0:53:47 - PHP Notice:  Undefined index: total in /home/pakhshpl/public_html/vendor/view/template/dashboard/recent.tpl on line 25
2018-01-11 0:53:47 - PHP Notice:  Undefined index: total in /home/pakhshpl/public_html/vendor/view/template/dashboard/recent.tpl on line 25
2018-01-11 0:53:47 - PHP Notice:  Undefined index: total in /home/pakhshpl/public_html/vendor/view/template/dashboard/recent.tpl on line 25
2018-01-11 0:53:56 - PHP Notice:  Undefined index: total in /home/pakhshpl/public_html/vendor/view/template/dashboard/recent.tpl on line 25
2018-01-11 0:53:56 - PHP Notice:  Undefined index: total in /home/pakhshpl/public_html/vendor/view/template/dashboard/recent.tpl on line 25
2018-01-11 0:53:56 - PHP Notice:  Undefined index: total in /home/pakhshpl/public_html/vendor/view/template/dashboard/recent.tpl on line 25
2018-01-11 0:53:56 - PHP Notice:  Undefined index: total in /home/pakhshpl/public_html/vendor/view/template/dashboard/recent.tpl on line 25
2018-01-11 0:53:56 - PHP Notice:  Undefined index: total in /home/pakhshpl/public_html/vendor/view/template/dashboard/recent.tpl on line 25
2018-01-11 0:56:10 - PHP Notice:  Undefined index: total in /home/pakhshpl/public_html/vendor/view/template/dashboard/recent.tpl on line 25
2018-01-11 0:56:10 - PHP Notice:  Undefined index: total in /home/pakhshpl/public_html/vendor/view/template/dashboard/recent.tpl on line 25
2018-01-11 0:56:10 - PHP Notice:  Undefined index: total in /home/pakhshpl/public_html/vendor/view/template/dashboard/recent.tpl on line 25
2018-01-11 0:56:10 - PHP Notice:  Undefined index: total in /home/pakhshpl/public_html/vendor/view/template/dashboard/recent.tpl on line 25
2018-01-11 0:56:10 - PHP Notice:  Undefined index: total in /home/pakhshpl/public_html/vendor/view/template/dashboard/recent.tpl on line 25
2018-01-11 0:59:14 - PHP Notice:  Undefined index: total in /home/pakhshpl/public_html/vendor/view/template/dashboard/recent.tpl on line 25
2018-01-11 0:59:14 - PHP Notice:  Undefined index: total in /home/pakhshpl/public_html/vendor/view/template/dashboard/recent.tpl on line 25
2018-01-11 0:59:14 - PHP Notice:  Undefined index: total in /home/pakhshpl/public_html/vendor/view/template/dashboard/recent.tpl on line 25
2018-01-11 0:59:14 - PHP Notice:  Undefined index: total in /home/pakhshpl/public_html/vendor/view/template/dashboard/recent.tpl on line 25
2018-01-11 0:59:14 - PHP Notice:  Undefined index: total in /home/pakhshpl/public_html/vendor/view/template/dashboard/recent.tpl on line 25
2018-01-11 0:59:34 - PHP Notice:  Undefined index: total in /home/pakhshpl/public_html/vendor/view/template/dashboard/recent.tpl on line 25
2018-01-11 0:59:34 - PHP Notice:  Undefined index: total in /home/pakhshpl/public_html/vendor/view/template/dashboard/recent.tpl on line 25
2018-01-11 0:59:34 - PHP Notice:  Undefined index: total in /home/pakhshpl/public_html/vendor/view/template/dashboard/recent.tpl on line 25
2018-01-11 0:59:34 - PHP Notice:  Undefined index: total in /home/pakhshpl/public_html/vendor/view/template/dashboard/recent.tpl on line 25
2018-01-11 0:59:34 - PHP Notice:  Undefined index: total in /home/pakhshpl/public_html/vendor/view/template/dashboard/recent.tpl on line 25
2018-01-11 1:00:50 - PHP Notice:  Undefined index: total in /home/pakhshpl/public_html/vendor/view/template/dashboard/recent.tpl on line 25
2018-01-11 1:00:50 - PHP Notice:  Undefined index: total in /home/pakhshpl/public_html/vendor/view/template/dashboard/recent.tpl on line 25
2018-01-11 1:00:50 - PHP Notice:  Undefined index: total in /home/pakhshpl/public_html/vendor/view/template/dashboard/recent.tpl on line 25
2018-01-11 1:00:50 - PHP Notice:  Undefined index: total in /home/pakhshpl/public_html/vendor/view/template/dashboard/recent.tpl on line 25
2018-01-11 1:00:50 - PHP Notice:  Undefined index: total in /home/pakhshpl/public_html/vendor/view/template/dashboard/recent.tpl on line 25
2018-01-11 1:02:44 - PHP Notice:  Undefined index: total in /home/pakhshpl/public_html/vendor/view/template/dashboard/recent.tpl on line 25
2018-01-11 1:02:44 - PHP Notice:  Undefined index: total in /home/pakhshpl/public_html/vendor/view/template/dashboard/recent.tpl on line 25
2018-01-11 1:02:44 - PHP Notice:  Undefined index: total in /home/pakhshpl/public_html/vendor/view/template/dashboard/recent.tpl on line 25
2018-01-11 1:02:44 - PHP Notice:  Undefined index: total in /home/pakhshpl/public_html/vendor/view/template/dashboard/recent.tpl on line 25
2018-01-11 1:02:44 - PHP Notice:  Undefined index: total in /home/pakhshpl/public_html/vendor/view/template/dashboard/recent.tpl on line 25
2018-01-11 1:03:41 - PHP Notice:  Undefined index: total in /home/pakhshpl/public_html/vendor/view/template/dashboard/recent.tpl on line 25
2018-01-11 1:03:41 - PHP Notice:  Undefined index: total in /home/pakhshpl/public_html/vendor/view/template/dashboard/recent.tpl on line 25
2018-01-11 1:03:41 - PHP Notice:  Undefined index: total in /home/pakhshpl/public_html/vendor/view/template/dashboard/recent.tpl on line 25
2018-01-11 1:03:41 - PHP Notice:  Undefined index: total in /home/pakhshpl/public_html/vendor/view/template/dashboard/recent.tpl on line 25
2018-01-11 1:03:41 - PHP Notice:  Undefined index: total in /home/pakhshpl/public_html/vendor/view/template/dashboard/recent.tpl on line 25
2018-01-11 1:03:58 - PHP Notice:  Undefined index: total in /home/pakhshpl/public_html/vendor/view/template/dashboard/recent.tpl on line 25
2018-01-11 1:03:58 - PHP Notice:  Undefined index: total in /home/pakhshpl/public_html/vendor/view/template/dashboard/recent.tpl on line 25
2018-01-11 1:03:58 - PHP Notice:  Undefined index: total in /home/pakhshpl/public_html/vendor/view/template/dashboard/recent.tpl on line 25
2018-01-11 1:03:58 - PHP Notice:  Undefined index: total in /home/pakhshpl/public_html/vendor/view/template/dashboard/recent.tpl on line 25
2018-01-11 1:03:58 - PHP Notice:  Undefined index: total in /home/pakhshpl/public_html/vendor/view/template/dashboard/recent.tpl on line 25
2018-01-11 1:04:48 - PHP Notice:  Undefined index: total in /home/pakhshpl/public_html/vendor/view/template/dashboard/recent.tpl on line 25
2018-01-11 1:04:48 - PHP Notice:  Undefined index: total in /home/pakhshpl/public_html/vendor/view/template/dashboard/recent.tpl on line 25
2018-01-11 1:04:48 - PHP Notice:  Undefined index: total in /home/pakhshpl/public_html/vendor/view/template/dashboard/recent.tpl on line 25
2018-01-11 1:04:48 - PHP Notice:  Undefined index: total in /home/pakhshpl/public_html/vendor/view/template/dashboard/recent.tpl on line 25
2018-01-11 1:04:48 - PHP Notice:  Undefined index: total in /home/pakhshpl/public_html/vendor/view/template/dashboard/recent.tpl on line 25
2018-01-11 1:06:52 - PHP Notice:  Undefined index: total in /home/pakhshpl/public_html/vendor/view/template/dashboard/recent.tpl on line 25
2018-01-11 1:06:52 - PHP Notice:  Undefined index: total in /home/pakhshpl/public_html/vendor/view/template/dashboard/recent.tpl on line 25
2018-01-11 1:06:52 - PHP Notice:  Undefined index: total in /home/pakhshpl/public_html/vendor/view/template/dashboard/recent.tpl on line 25
2018-01-11 1:06:52 - PHP Notice:  Undefined index: total in /home/pakhshpl/public_html/vendor/view/template/dashboard/recent.tpl on line 25
2018-01-11 1:06:52 - PHP Notice:  Undefined index: total in /home/pakhshpl/public_html/vendor/view/template/dashboard/recent.tpl on line 25
2018-01-11 19:47:13 - PHP Notice:  Undefined index: total in /home/pakhshpl/public_html/vendor/view/template/dashboard/recent.tpl on line 25
2018-01-11 19:47:13 - PHP Notice:  Undefined index: total in /home/pakhshpl/public_html/vendor/view/template/dashboard/recent.tpl on line 25
2018-01-11 19:47:13 - PHP Notice:  Undefined index: total in /home/pakhshpl/public_html/vendor/view/template/dashboard/recent.tpl on line 25
2018-01-11 19:47:13 - PHP Notice:  Undefined index: total in /home/pakhshpl/public_html/vendor/view/template/dashboard/recent.tpl on line 25
2018-01-11 19:47:13 - PHP Notice:  Undefined index: total in /home/pakhshpl/public_html/vendor/view/template/dashboard/recent.tpl on line 25
2018-01-12 13:20:41 - PHP Notice:  Undefined index: total in /home/pakhshpl/public_html/vendor/view/template/dashboard/recent.tpl on line 25
2018-01-12 13:20:41 - PHP Notice:  Undefined index: total in /home/pakhshpl/public_html/vendor/view/template/dashboard/recent.tpl on line 25
2018-01-12 13:20:41 - PHP Notice:  Undefined index: total in /home/pakhshpl/public_html/vendor/view/template/dashboard/recent.tpl on line 25
2018-01-12 13:20:41 - PHP Notice:  Undefined index: total in /home/pakhshpl/public_html/vendor/view/template/dashboard/recent.tpl on line 25
2018-01-12 13:20:41 - PHP Notice:  Undefined index: total in /home/pakhshpl/public_html/vendor/view/template/dashboard/recent.tpl on line 25
2018-01-12 18:26:34 - PHP Notice:  Undefined index: total in /home/pakhshpl/public_html/vendor/view/template/dashboard/recent.tpl on line 25
2018-01-12 18:26:34 - PHP Notice:  Undefined index: total in /home/pakhshpl/public_html/vendor/view/template/dashboard/recent.tpl on line 25
2018-01-12 18:26:34 - PHP Notice:  Undefined index: total in /home/pakhshpl/public_html/vendor/view/template/dashboard/recent.tpl on line 25
2018-01-12 18:26:34 - PHP Notice:  Undefined index: total in /home/pakhshpl/public_html/vendor/view/template/dashboard/recent.tpl on line 25
2018-01-12 18:26:34 - PHP Notice:  Undefined index: total in /home/pakhshpl/public_html/vendor/view/template/dashboard/recent.tpl on line 25
2018-01-12 22:34:19 - PHP Notice:  Undefined index: total in /home/pakhshpl/public_html/vendor/view/template/dashboard/recent.tpl on line 25
2018-01-12 22:34:19 - PHP Notice:  Undefined index: total in /home/pakhshpl/public_html/vendor/view/template/dashboard/recent.tpl on line 25
2018-01-12 22:34:19 - PHP Notice:  Undefined index: total in /home/pakhshpl/public_html/vendor/view/template/dashboard/recent.tpl on line 25
2018-01-12 22:34:19 - PHP Notice:  Undefined index: total in /home/pakhshpl/public_html/vendor/view/template/dashboard/recent.tpl on line 25
2018-01-12 22:34:19 - PHP Notice:  Undefined index: total in /home/pakhshpl/public_html/vendor/view/template/dashboard/recent.tpl on line 25
2018-01-12 22:35:57 - PHP Notice:  Undefined index: total in /home/pakhshpl/public_html/vendor/view/template/dashboard/recent.tpl on line 25
2018-01-12 22:35:57 - PHP Notice:  Undefined index: total in /home/pakhshpl/public_html/vendor/view/template/dashboard/recent.tpl on line 25
2018-01-12 22:35:57 - PHP Notice:  Undefined index: total in /home/pakhshpl/public_html/vendor/view/template/dashboard/recent.tpl on line 25
2018-01-12 22:35:57 - PHP Notice:  Undefined index: total in /home/pakhshpl/public_html/vendor/view/template/dashboard/recent.tpl on line 25
2018-01-12 22:35:57 - PHP Notice:  Undefined index: total in /home/pakhshpl/public_html/vendor/view/template/dashboard/recent.tpl on line 25
2018-01-12 22:38:46 - PHP Notice:  Undefined index: total in /home/pakhshpl/public_html/vendor/view/template/dashboard/recent.tpl on line 25
2018-01-12 22:38:46 - PHP Notice:  Undefined index: total in /home/pakhshpl/public_html/vendor/view/template/dashboard/recent.tpl on line 25
2018-01-12 22:38:46 - PHP Notice:  Undefined index: total in /home/pakhshpl/public_html/vendor/view/template/dashboard/recent.tpl on line 25
2018-01-12 22:38:46 - PHP Notice:  Undefined index: total in /home/pakhshpl/public_html/vendor/view/template/dashboard/recent.tpl on line 25
2018-01-12 22:38:46 - PHP Notice:  Undefined index: total in /home/pakhshpl/public_html/vendor/view/template/dashboard/recent.tpl on line 25
2018-01-15 10:08:56 - PHP Notice:  Undefined index: total in /home/pakhshpl/public_html/vendor/view/template/dashboard/recent.tpl on line 25
2018-01-15 10:08:56 - PHP Notice:  Undefined index: total in /home/pakhshpl/public_html/vendor/view/template/dashboard/recent.tpl on line 25
2018-01-15 10:08:56 - PHP Notice:  Undefined index: total in /home/pakhshpl/public_html/vendor/view/template/dashboard/recent.tpl on line 25
2018-01-15 10:08:56 - PHP Notice:  Undefined index: total in /home/pakhshpl/public_html/vendor/view/template/dashboard/recent.tpl on line 25
2018-01-15 10:08:56 - PHP Notice:  Undefined index: total in /home/pakhshpl/public_html/vendor/view/template/dashboard/recent.tpl on line 25
2018-01-15 10:23:27 - PHP Notice:  Undefined index: total in /home/pakhshpl/public_html/vendor/view/template/dashboard/recent.tpl on line 25
2018-01-15 10:23:27 - PHP Notice:  Undefined index: total in /home/pakhshpl/public_html/vendor/view/template/dashboard/recent.tpl on line 25
2018-01-15 10:23:27 - PHP Notice:  Undefined index: total in /home/pakhshpl/public_html/vendor/view/template/dashboard/recent.tpl on line 25
2018-01-15 10:23:27 - PHP Notice:  Undefined index: total in /home/pakhshpl/public_html/vendor/view/template/dashboard/recent.tpl on line 25
2018-01-15 10:23:27 - PHP Notice:  Undefined index: total in /home/pakhshpl/public_html/vendor/view/template/dashboard/recent.tpl on line 25
2018-01-20 22:36:06 - PHP Notice:  Undefined index: total in /home/pakhshpl/public_html/vendor/view/template/dashboard/recent.tpl on line 25
2018-01-20 22:36:06 - PHP Notice:  Undefined index: total in /home/pakhshpl/public_html/vendor/view/template/dashboard/recent.tpl on line 25
2018-01-20 22:36:06 - PHP Notice:  Undefined index: total in /home/pakhshpl/public_html/vendor/view/template/dashboard/recent.tpl on line 25
2018-01-20 22:36:06 - PHP Notice:  Undefined index: total in /home/pakhshpl/public_html/vendor/view/template/dashboard/recent.tpl on line 25
2018-01-20 22:36:06 - PHP Notice:  Undefined index: total in /home/pakhshpl/public_html/vendor/view/template/dashboard/recent.tpl on line 25
2018-01-21 20:00:43 - PHP Notice:  Undefined index: total in /home/pakhshpl/public_html/vendor/view/template/dashboard/recent.tpl on line 25
2018-01-21 20:00:43 - PHP Notice:  Undefined index: total in /home/pakhshpl/public_html/vendor/view/template/dashboard/recent.tpl on line 25
2018-01-21 20:00:43 - PHP Notice:  Undefined index: total in /home/pakhshpl/public_html/vendor/view/template/dashboard/recent.tpl on line 25
2018-01-21 20:00:43 - PHP Notice:  Undefined index: total in /home/pakhshpl/public_html/vendor/view/template/dashboard/recent.tpl on line 25
2018-01-21 20:00:43 - PHP Notice:  Undefined index: total in /home/pakhshpl/public_html/vendor/view/template/dashboard/recent.tpl on line 25
